<?xml version="1.0" encoding="UTF-8"?>
<!-- Generated by org.testng.reporters.JUnitReportReporter -->
<testsuite hostname="DESKTOP-T1570QH" failures="0" tests="5" name="maven_hello.practice_again.Practice_groups" time="0.011" errors="0" timestamp="2021-02-19T13:43:11 IST" skipped="0">
  <testcase classname="maven_hello.practice_again.Practice_groups" name="C" time="0.006"/>
  <system-out/>
  <testcase classname="maven_hello.practice_again.Practice_groups" name="B" time="0.001"/>
  <system-out/>
  <testcase classname="maven_hello.practice_again.Practice_groups" name="A" time="0.001"/>
  <system-out/>
  <testcase classname="maven_hello.practice_again.Practice_groups" name="E" time="0.002"/>
  <system-out/>
  <testcase classname="maven_hello.practice_again.Practice_groups" name="D" time="0.001"/>
  <system-out/>
</testsuite> <!-- maven_hello.practice_again.Practice_groups -->
