<?xml version="1.0" encoding="UTF-8"?>
<!-- Generated by org.testng.reporters.JUnitReportReporter -->
<testsuite hostname="DESKTOP-T1570QH" failures="0" tests="3" name="maven_hello.practice_again.NewTest2" time="5.275" errors="0" timestamp="2021-02-19T13:49:51 IST" skipped="0">
  <testcase classname="maven_hello.practice_again.NewTest2" name="hi2" time="4.338"/>
  <system-out/>
  <testcase classname="maven_hello.practice_again.NewTest2" name="hello2" time="0.936"/>
  <system-out/>
  <testcase classname="maven_hello.practice_again.NewTest2" name="check" time="0.001"/>
  <system-out/>
</testsuite> <!-- maven_hello.practice_again.NewTest2 -->
